<?xml version="1.0" encoding="UTF-8"?>
<testsuite xmlns:xsi="http://www.w3.org/2001/XMLSchema-instance" xsi:noNamespaceSchemaLocation="https://maven.apache.org/surefire/maven-surefire-plugin/xsd/surefire-test-report.xsd" name="ro.vladbutnaru.financeadvisor.AppTest" time="0.017" tests="1" errors="0" skipped="0" failures="0">
  <properties>
    <property name="sun.desktop" value="gnome"/>
    <property name="awt.toolkit" value="sun.awt.X11.XToolkit"/>
    <property name="java.specification.version" value="11"/>
    <property name="sun.cpu.isalist" value=""/>
    <property name="sun.jnu.encoding" value="UTF-8"/>
    <property name="java.class.path" value="/home/vlad/git/finvisor/target/test-classes:/home/vlad/git/finvisor/target/classes:/home/vlad/.m2/repository/junit/junit/4.11/junit-4.11.jar:/home/vlad/.m2/repository/org/hamcrest/hamcrest-core/1.3/hamcrest-core-1.3.jar:/home/vlad/.m2/repository/com/google/code/gson/gson/2.8.6/gson-2.8.6.jar:/home/vlad/.m2/repository/org/projectlombok/lombok/1.18.12/lombok-1.18.12.jar:/home/vlad/.m2/repository/commons-cli/commons-cli/1.4/commons-cli-1.4.jar:/home/vlad/.m2/repository/com/opencsv/opencsv/4.6/opencsv-4.6.jar:/home/vlad/.m2/repository/org/apache/commons/commons-lang3/3.8.1/commons-lang3-3.8.1.jar:/home/vlad/.m2/repository/org/apache/commons/commons-text/1.3/commons-text-1.3.jar:/home/vlad/.m2/repository/commons-beanutils/commons-beanutils/1.9.3/commons-beanutils-1.9.3.jar:/home/vlad/.m2/repository/commons-logging/commons-logging/1.2/commons-logging-1.2.jar:/home/vlad/.m2/repository/commons-collections/commons-collections/3.2.2/commons-collections-3.2.2.jar:/home/vlad/.m2/repository/org/apache/commons/commons-collections4/4.2/commons-collections4-4.2.jar:/home/vlad/.m2/repository/org/apache/commons/commons-math3/3.6.1/commons-math3-3.6.1.jar:"/>
    <property name="java.vm.vendor" value="Ubuntu"/>
    <property name="sun.arch.data.model" value="64"/>
    <property name="java.vendor.url" value="https://ubuntu.com/"/>
    <property name="user.timezone" value=""/>
    <property name="java.vm.specification.version" value="11"/>
    <property name="os.name" value="Linux"/>
    <property name="sun.java.launcher" value="SUN_STANDARD"/>
    <property name="user.country" value="US"/>
    <property name="sun.boot.library.path" value="/usr/lib/jvm/java-11-openjdk-amd64/lib"/>
    <property name="sun.java.command" value="/home/vlad/git/finvisor/target/surefire/surefirebooter15112496921186190796.jar /home/vlad/git/finvisor/target/surefire 2020-06-23T15-37-19_033-jvmRun1 surefire14732256695422029241tmp surefire_09251231084859397224tmp"/>
    <property name="jdk.debug" value="release"/>
    <property name="surefire.test.class.path" value="/home/vlad/git/finvisor/target/test-classes:/home/vlad/git/finvisor/target/classes:/home/vlad/.m2/repository/junit/junit/4.11/junit-4.11.jar:/home/vlad/.m2/repository/org/hamcrest/hamcrest-core/1.3/hamcrest-core-1.3.jar:/home/vlad/.m2/repository/com/google/code/gson/gson/2.8.6/gson-2.8.6.jar:/home/vlad/.m2/repository/org/projectlombok/lombok/1.18.12/lombok-1.18.12.jar:/home/vlad/.m2/repository/commons-cli/commons-cli/1.4/commons-cli-1.4.jar:/home/vlad/.m2/repository/com/opencsv/opencsv/4.6/opencsv-4.6.jar:/home/vlad/.m2/repository/org/apache/commons/commons-lang3/3.8.1/commons-lang3-3.8.1.jar:/home/vlad/.m2/repository/org/apache/commons/commons-text/1.3/commons-text-1.3.jar:/home/vlad/.m2/repository/commons-beanutils/commons-beanutils/1.9.3/commons-beanutils-1.9.3.jar:/home/vlad/.m2/repository/commons-logging/commons-logging/1.2/commons-logging-1.2.jar:/home/vlad/.m2/repository/commons-collections/commons-collections/3.2.2/commons-collections-3.2.2.jar:/home/vlad/.m2/repository/org/apache/commons/commons-collections4/4.2/commons-collections4-4.2.jar:/home/vlad/.m2/repository/org/apache/commons/commons-math3/3.6.1/commons-math3-3.6.1.jar:"/>
    <property name="sun.cpu.endian" value="little"/>
    <property name="user.home" value="/home/vlad"/>
    <property name="user.language" value="en"/>
    <property name="java.specification.vendor" value="Oracle Corporation"/>
    <property name="java.version.date" value="2020-04-14"/>
    <property name="java.home" value="/usr/lib/jvm/java-11-openjdk-amd64"/>
    <property name="file.separator" value="/"/>
    <property name="basedir" value="/home/vlad/git/finvisor"/>
    <property name="java.vm.compressedOopsMode" value="Zero based"/>
    <property name="line.separator" value="&#10;"/>
    <property name="java.specification.name" value="Java Platform API Specification"/>
    <property name="java.vm.specification.vendor" value="Oracle Corporation"/>
    <property name="java.awt.graphicsenv" value="sun.awt.X11GraphicsEnvironment"/>
    <property name="surefire.real.class.path" value="/home/vlad/git/finvisor/target/surefire/surefirebooter15112496921186190796.jar"/>
    <property name="sun.management.compiler" value="HotSpot 64-Bit Tiered Compilers"/>
    <property name="java.runtime.version" value="11.0.7+10-post-Ubuntu-2ubuntu218.04"/>
    <property name="user.name" value="vlad"/>
    <property name="path.separator" value=":"/>
    <property name="os.version" value="5.3.0-59-generic"/>
    <property name="java.runtime.name" value="OpenJDK Runtime Environment"/>
    <property name="file.encoding" value="UTF-8"/>
    <property name="java.vm.name" value="OpenJDK 64-Bit Server VM"/>
    <property name="localRepository" value="/home/vlad/.m2/repository"/>
    <property name="java.vendor.url.bug" value="https://bugs.launchpad.net/ubuntu/+source/openjdk-lts"/>
    <property name="java.io.tmpdir" value="/tmp"/>
    <property name="java.version" value="11.0.7"/>
    <property name="user.dir" value="/home/vlad/git/finvisor"/>
    <property name="os.arch" value="amd64"/>
    <property name="java.vm.specification.name" value="Java Virtual Machine Specification"/>
    <property name="java.awt.printerjob" value="sun.print.PSPrinterJob"/>
    <property name="sun.os.patch.level" value="unknown"/>
    <property name="java.library.path" value="/usr/java/packages/lib:/usr/lib/x86_64-linux-gnu/jni:/lib/x86_64-linux-gnu:/usr/lib/x86_64-linux-gnu:/usr/lib/jni:/lib:/usr/lib"/>
    <property name="java.vendor" value="Ubuntu"/>
    <property name="java.vm.info" value="mixed mode"/>
    <property name="java.vm.version" value="11.0.7+10-post-Ubuntu-2ubuntu218.04"/>
    <property name="sun.io.unicode.encoding" value="UnicodeLittle"/>
    <property name="java.class.version" value="55.0"/>
  </properties>
  <testcase name="shouldAnswerWithTrue" classname="ro.vladbutnaru.financeadvisor.AppTest" time="0.001"/>
</testsuite>